{"/Users/deaa/Documents/phase 3/Halo-Beng/server/app.js": {"path":"/Users/deaa/Documents/phase 3/Halo-Beng/server/app.js","statementMap":{"0":{"start":{"line":1,"column":0},"end":{"line":1,"column":26}},"1":{"start":{"line":2,"column":11},"end":{"line":2,"column":26}},"2":{"start":{"line":3,"column":16},"end":{"line":3,"column":34}},"3":{"start":{"line":4,"column":15},"end":{"line":4,"column":35}},"4":{"start":{"line":5,"column":12},"end":{"line":5,"column":21}},"5":{"start":{"line":6,"column":18},"end":{"line":6,"column":47}},"6":{"start":{"line":7,"column":18},"end":{"line":7,"column":47}},"7":{"start":{"line":8,"column":20},"end":{"line":8,"column":56}},"8":{"start":{"line":11,"column":0},"end":{"line":11,"column":16}},"9":{"start":{"line":12,"column":0},"end":{"line":12,"column":49}},"10":{"start":{"line":13,"column":0},"end":{"line":13,"column":24}},"11":{"start":{"line":16,"column":0},"end":{"line":16,"column":15}},"12":{"start":{"line":17,"column":0},"end":{"line":17,"column":23}},"13":{"start":{"line":19,"column":0},"end":{"line":21,"column":2}},"14":{"start":{"line":20,"column":2},"end":{"line":20,"column":26}},"15":{"start":{"line":23,"column":0},"end":{"line":23,"column":21}}},"fnMap":{"0":{"name":"(anonymous_0)","decl":{"start":{"line":19,"column":13},"end":{"line":19,"column":14}},"loc":{"start":{"line":19,"column":27},"end":{"line":21,"column":1}},"line":19}},"branchMap":{},"s":{"0":1,"1":1,"2":1,"3":1,"4":1,"5":1,"6":1,"7":1,"8":1,"9":1,"10":1,"11":1,"12":1,"13":1,"14":0,"15":1},"f":{"0":0},"b":{},"_coverageSchema":"1a1c01bbd47fc00a2c39e90264f33305004495a9","hash":"17d7e96a0ffe0134ccbbbda65307fd5c22bb69f9"}
,"/Users/deaa/Documents/phase 3/Halo-Beng/server/controllers/partController.js": {"path":"/Users/deaa/Documents/phase 3/Halo-Beng/server/controllers/partController.js","statementMap":{"0":{"start":{"line":1,"column":28},"end":{"line":1,"column":55}},"1":{"start":{"line":2,"column":22},"end":{"line":2,"column":46}},"2":{"start":{"line":3,"column":48},"end":{"line":3,"column":68}},"3":{"start":{"line":6,"column":8},"end":{"line":20,"column":9}},"4":{"start":{"line":7,"column":75},"end":{"line":7,"column":83}},"5":{"start":{"line":8,"column":34},"end":{"line":14,"column":14}},"6":{"start":{"line":15,"column":12},"end":{"line":15,"column":137}},"7":{"start":{"line":18,"column":12},"end":{"line":18,"column":24}},"8":{"start":{"line":19,"column":12},"end":{"line":19,"column":31}},"9":{"start":{"line":24,"column":8},"end":{"line":54,"column":9}},"10":{"start":{"line":25,"column":40},"end":{"line":25,"column":48}},"11":{"start":{"line":26,"column":12},"end":{"line":28,"column":13}},"12":{"start":{"line":27,"column":16},"end":{"line":27,"column":56}},"13":{"start":{"line":29,"column":25},"end":{"line":29,"column":68}},"14":{"start":{"line":31,"column":12},"end":{"line":34,"column":13}},"15":{"start":{"line":32,"column":16},"end":{"line":32,"column":67}},"16":{"start":{"line":33,"column":16},"end":{"line":33,"column":22}},"17":{"start":{"line":35,"column":36},"end":{"line":35,"column":76}},"18":{"start":{"line":36,"column":12},"end":{"line":41,"column":13}},"19":{"start":{"line":37,"column":16},"end":{"line":39,"column":18}},"20":{"start":{"line":40,"column":16},"end":{"line":40,"column":22}},"21":{"start":{"line":42,"column":33},"end":{"line":45,"column":14}},"22":{"start":{"line":47,"column":12},"end":{"line":50,"column":14}},"23":{"start":{"line":52,"column":12},"end":{"line":52,"column":24}},"24":{"start":{"line":53,"column":12},"end":{"line":53,"column":40}},"25":{"start":{"line":58,"column":8},"end":{"line":86,"column":9}},"26":{"start":{"line":59,"column":32},"end":{"line":59,"column":56}},"27":{"start":{"line":60,"column":12},"end":{"line":60,"column":46}},"28":{"start":{"line":61,"column":27},"end":{"line":61,"column":65}},"29":{"start":{"line":62,"column":27},"end":{"line":65,"column":14}},"30":{"start":{"line":66,"column":28},"end":{"line":66,"column":47}},"31":{"start":{"line":67,"column":27},"end":{"line":67,"column":41}},"32":{"start":{"line":68,"column":36},"end":{"line":77,"column":14}},"33":{"start":{"line":78,"column":33},"end":{"line":81,"column":14}},"34":{"start":{"line":82,"column":12},"end":{"line":82,"column":38}},"35":{"start":{"line":84,"column":12},"end":{"line":84,"column":24}},"36":{"start":{"line":85,"column":12},"end":{"line":85,"column":31}},"37":{"start":{"line":90,"column":8},"end":{"line":120,"column":9}},"38":{"start":{"line":91,"column":34},"end":{"line":91,"column":44}},"39":{"start":{"line":92,"column":29},"end":{"line":92,"column":62}},"40":{"start":{"line":93,"column":12},"end":{"line":95,"column":13}},"41":{"start":{"line":94,"column":16},"end":{"line":94,"column":42}},"42":{"start":{"line":97,"column":29},"end":{"line":97,"column":61}},"43":{"start":{"line":100,"column":30},"end":{"line":104,"column":14}},"44":{"start":{"line":106,"column":12},"end":{"line":111,"column":14}},"45":{"start":{"line":114,"column":12},"end":{"line":114,"column":31}},"46":{"start":{"line":115,"column":12},"end":{"line":119,"column":13}},"47":{"start":{"line":116,"column":16},"end":{"line":116,"column":70}},"48":{"start":{"line":118,"column":16},"end":{"line":118,"column":74}},"49":{"start":{"line":124,"column":8},"end":{"line":142,"column":9}},"50":{"start":{"line":125,"column":31},"end":{"line":135,"column":14}},"51":{"start":{"line":137,"column":12},"end":{"line":137,"column":44}},"52":{"start":{"line":140,"column":12},"end":{"line":140,"column":31}},"53":{"start":{"line":141,"column":12},"end":{"line":141,"column":70}},"54":{"start":{"line":147,"column":0},"end":{"line":147,"column":32}}},"fnMap":{"0":{"name":"(anonymous_0)","decl":{"start":{"line":5,"column":4},"end":{"line":5,"column":5}},"loc":{"start":{"line":5,"column":42},"end":{"line":21,"column":5}},"line":5},"1":{"name":"(anonymous_1)","decl":{"start":{"line":23,"column":4},"end":{"line":23,"column":5}},"loc":{"start":{"line":23,"column":39},"end":{"line":55,"column":5}},"line":23},"2":{"name":"(anonymous_2)","decl":{"start":{"line":57,"column":4},"end":{"line":57,"column":5}},"loc":{"start":{"line":57,"column":45},"end":{"line":87,"column":5}},"line":57},"3":{"name":"(anonymous_3)","decl":{"start":{"line":89,"column":4},"end":{"line":89,"column":5}},"loc":{"start":{"line":89,"column":51},"end":{"line":121,"column":5}},"line":89},"4":{"name":"(anonymous_4)","decl":{"start":{"line":123,"column":4},"end":{"line":123,"column":5}},"loc":{"start":{"line":123,"column":49},"end":{"line":143,"column":5}},"line":123}},"branchMap":{"0":{"loc":{"start":{"line":26,"column":12},"end":{"line":28,"column":13}},"type":"if","locations":[{"start":{"line":26,"column":12},"end":{"line":28,"column":13}},{"start":{},"end":{}}],"line":26},"1":{"loc":{"start":{"line":26,"column":16},"end":{"line":26,"column":35}},"type":"binary-expr","locations":[{"start":{"line":26,"column":16},"end":{"line":26,"column":22}},{"start":{"line":26,"column":26},"end":{"line":26,"column":35}}],"line":26},"2":{"loc":{"start":{"line":31,"column":12},"end":{"line":34,"column":13}},"type":"if","locations":[{"start":{"line":31,"column":12},"end":{"line":34,"column":13}},{"start":{},"end":{}}],"line":31},"3":{"loc":{"start":{"line":36,"column":12},"end":{"line":41,"column":13}},"type":"if","locations":[{"start":{"line":36,"column":12},"end":{"line":41,"column":13}},{"start":{},"end":{}}],"line":36},"4":{"loc":{"start":{"line":93,"column":12},"end":{"line":95,"column":13}},"type":"if","locations":[{"start":{"line":93,"column":12},"end":{"line":95,"column":13}},{"start":{},"end":{}}],"line":93},"5":{"loc":{"start":{"line":115,"column":12},"end":{"line":119,"column":13}},"type":"if","locations":[{"start":{"line":115,"column":12},"end":{"line":119,"column":13}},{"start":{"line":117,"column":19},"end":{"line":119,"column":13}}],"line":115}},"s":{"0":1,"1":1,"2":1,"3":10,"4":10,"5":10,"6":1,"7":9,"8":9,"9":3,"10":3,"11":3,"12":0,"13":3,"14":3,"15":1,"16":1,"17":2,"18":2,"19":1,"20":1,"21":1,"22":1,"23":0,"24":0,"25":0,"26":0,"27":0,"28":0,"29":0,"30":0,"31":0,"32":0,"33":0,"34":0,"35":0,"36":0,"37":0,"38":0,"39":0,"40":0,"41":0,"42":0,"43":0,"44":0,"45":0,"46":0,"47":0,"48":0,"49":0,"50":0,"51":0,"52":0,"53":0,"54":1},"f":{"0":10,"1":3,"2":0,"3":0,"4":0},"b":{"0":[0,3],"1":[3,3],"2":[1,2],"3":[1,1],"4":[0,0],"5":[0,0]},"_coverageSchema":"1a1c01bbd47fc00a2c39e90264f33305004495a9","hash":"663b2ccb4ba02e6659950101adb55c2bcb350809"}
,"/Users/deaa/Documents/phase 3/Halo-Beng/server/controllers/userController.js": {"path":"/Users/deaa/Documents/phase 3/Halo-Beng/server/controllers/userController.js","statementMap":{"0":{"start":{"line":1,"column":28},"end":{"line":1,"column":55}},"1":{"start":{"line":2,"column":22},"end":{"line":2,"column":46}},"2":{"start":{"line":3,"column":23},"end":{"line":3,"column":49}},"3":{"start":{"line":4,"column":54},"end":{"line":4,"column":74}},"4":{"start":{"line":6,"column":25},"end":{"line":6,"column":55}},"5":{"start":{"line":10,"column":8},"end":{"line":23,"column":9}},"6":{"start":{"line":11,"column":63},"end":{"line":11,"column":71}},"7":{"start":{"line":12,"column":31},"end":{"line":17,"column":14}},"8":{"start":{"line":18,"column":12},"end":{"line":18,"column":125}},"9":{"start":{"line":21,"column":12},"end":{"line":21,"column":24}},"10":{"start":{"line":22,"column":12},"end":{"line":22,"column":31}},"11":{"start":{"line":27,"column":8},"end":{"line":59,"column":9}},"12":{"start":{"line":28,"column":40},"end":{"line":28,"column":48}},"13":{"start":{"line":29,"column":12},"end":{"line":29,"column":60}},"14":{"start":{"line":30,"column":12},"end":{"line":32,"column":13}},"15":{"start":{"line":31,"column":16},"end":{"line":31,"column":56}},"16":{"start":{"line":33,"column":25},"end":{"line":33,"column":65}},"17":{"start":{"line":34,"column":12},"end":{"line":34,"column":41}},"18":{"start":{"line":35,"column":12},"end":{"line":38,"column":13}},"19":{"start":{"line":36,"column":16},"end":{"line":36,"column":65}},"20":{"start":{"line":37,"column":16},"end":{"line":37,"column":22}},"21":{"start":{"line":39,"column":36},"end":{"line":39,"column":76}},"22":{"start":{"line":40,"column":12},"end":{"line":40,"column":57}},"23":{"start":{"line":41,"column":12},"end":{"line":46,"column":13}},"24":{"start":{"line":42,"column":16},"end":{"line":44,"column":18}},"25":{"start":{"line":45,"column":16},"end":{"line":45,"column":22}},"26":{"start":{"line":47,"column":33},"end":{"line":50,"column":14}},"27":{"start":{"line":52,"column":12},"end":{"line":55,"column":14}},"28":{"start":{"line":57,"column":12},"end":{"line":57,"column":24}},"29":{"start":{"line":58,"column":12},"end":{"line":58,"column":40}},"30":{"start":{"line":63,"column":8},"end":{"line":92,"column":9}},"31":{"start":{"line":64,"column":32},"end":{"line":64,"column":56}},"32":{"start":{"line":65,"column":12},"end":{"line":65,"column":46}},"33":{"start":{"line":66,"column":27},"end":{"line":66,"column":65}},"34":{"start":{"line":67,"column":27},"end":{"line":70,"column":14}},"35":{"start":{"line":71,"column":28},"end":{"line":71,"column":47}},"36":{"start":{"line":72,"column":27},"end":{"line":72,"column":41}},"37":{"start":{"line":73,"column":36},"end":{"line":82,"column":14}},"38":{"start":{"line":83,"column":33},"end":{"line":86,"column":14}},"39":{"start":{"line":87,"column":12},"end":{"line":87,"column":38}},"40":{"start":{"line":90,"column":12},"end":{"line":90,"column":23}},"41":{"start":{"line":91,"column":12},"end":{"line":91,"column":31}},"42":{"start":{"line":96,"column":8},"end":{"line":111,"column":9}},"43":{"start":{"line":98,"column":25},"end":{"line":98,"column":47}},"44":{"start":{"line":99,"column":27},"end":{"line":99,"column":37}},"45":{"start":{"line":100,"column":40},"end":{"line":100,"column":48}},"46":{"start":{"line":104,"column":33},"end":{"line":106,"column":14}},"47":{"start":{"line":107,"column":12},"end":{"line":107,"column":48}},"48":{"start":{"line":110,"column":12},"end":{"line":110,"column":29}},"49":{"start":{"line":115,"column":8},"end":{"line":124,"column":9}},"50":{"start":{"line":116,"column":27},"end":{"line":116,"column":37}},"51":{"start":{"line":117,"column":27},"end":{"line":119,"column":14}},"52":{"start":{"line":121,"column":12},"end":{"line":121,"column":40}},"53":{"start":{"line":123,"column":12},"end":{"line":123,"column":21}},"54":{"start":{"line":128,"column":8},"end":{"line":156,"column":9}},"55":{"start":{"line":129,"column":65},"end":{"line":129,"column":73}},"56":{"start":{"line":130,"column":12},"end":{"line":130,"column":56}},"57":{"start":{"line":131,"column":28},"end":{"line":134,"column":13}},"58":{"start":{"line":135,"column":29},"end":{"line":135,"column":52}},"59":{"start":{"line":136,"column":12},"end":{"line":143,"column":15}},"60":{"start":{"line":144,"column":29},"end":{"line":151,"column":14}},"61":{"start":{"line":152,"column":12},"end":{"line":152,"column":76}},"62":{"start":{"line":154,"column":12},"end":{"line":154,"column":44}},"63":{"start":{"line":155,"column":12},"end":{"line":155,"column":21}},"64":{"start":{"line":159,"column":8},"end":{"line":167,"column":9}},"65":{"start":{"line":160,"column":27},"end":{"line":160,"column":37}},"66":{"start":{"line":161,"column":29},"end":{"line":161,"column":59}},"67":{"start":{"line":162,"column":12},"end":{"line":162,"column":50}},"68":{"start":{"line":163,"column":12},"end":{"line":163,"column":42}},"69":{"start":{"line":165,"column":12},"end":{"line":165,"column":29}},"70":{"start":{"line":166,"column":12},"end":{"line":166,"column":21}},"71":{"start":{"line":171,"column":8},"end":{"line":175,"column":9}},"72":{"start":{"line":174,"column":12},"end":{"line":174,"column":21}},"73":{"start":{"line":179,"column":8},"end":{"line":239,"column":9}},"74":{"start":{"line":180,"column":29},"end":{"line":180,"column":61}},"75":{"start":{"line":182,"column":23},"end":{"line":185,"column":14}},"76":{"start":{"line":187,"column":31},"end":{"line":194,"column":14}},"77":{"start":{"line":198,"column":29},"end":{"line":198,"column":30}},"78":{"start":{"line":199,"column":12},"end":{"line":203,"column":13}},"79":{"start":{"line":199,"column":25},"end":{"line":199,"column":26}},"80":{"start":{"line":200,"column":28},"end":{"line":200,"column":80}},"81":{"start":{"line":201,"column":16},"end":{"line":201,"column":35}},"82":{"start":{"line":206,"column":24},"end":{"line":206,"column":26}},"83":{"start":{"line":207,"column":12},"end":{"line":214,"column":15}},"84":{"start":{"line":208,"column":26},"end":{"line":208,"column":28}},"85":{"start":{"line":209,"column":16},"end":{"line":209,"column":37}},"86":{"start":{"line":210,"column":16},"end":{"line":210,"column":44}},"87":{"start":{"line":211,"column":16},"end":{"line":211,"column":42}},"88":{"start":{"line":212,"column":16},"end":{"line":212,"column":49}},"89":{"start":{"line":213,"column":16},"end":{"line":213,"column":31}},"90":{"start":{"line":216,"column":28},"end":{"line":231,"column":13}},"91":{"start":{"line":233,"column":34},"end":{"line":233,"column":73}},"92":{"start":{"line":235,"column":12},"end":{"line":235,"column":47}},"93":{"start":{"line":238,"column":12},"end":{"line":238,"column":31}},"94":{"start":{"line":244,"column":0},"end":{"line":244,"column":31}}},"fnMap":{"0":{"name":"(anonymous_0)","decl":{"start":{"line":9,"column":4},"end":{"line":9,"column":5}},"loc":{"start":{"line":9,"column":42},"end":{"line":24,"column":5}},"line":9},"1":{"name":"(anonymous_1)","decl":{"start":{"line":26,"column":4},"end":{"line":26,"column":5}},"loc":{"start":{"line":26,"column":39},"end":{"line":60,"column":5}},"line":26},"2":{"name":"(anonymous_2)","decl":{"start":{"line":62,"column":4},"end":{"line":62,"column":5}},"loc":{"start":{"line":62,"column":45},"end":{"line":93,"column":5}},"line":62},"3":{"name":"(anonymous_3)","decl":{"start":{"line":95,"column":4},"end":{"line":95,"column":5}},"loc":{"start":{"line":95,"column":40},"end":{"line":112,"column":5}},"line":95},"4":{"name":"(anonymous_4)","decl":{"start":{"line":114,"column":4},"end":{"line":114,"column":5}},"loc":{"start":{"line":114,"column":43},"end":{"line":125,"column":5}},"line":114},"5":{"name":"(anonymous_5)","decl":{"start":{"line":127,"column":4},"end":{"line":127,"column":5}},"loc":{"start":{"line":127,"column":45},"end":{"line":157,"column":5}},"line":127},"6":{"name":"(anonymous_6)","decl":{"start":{"line":158,"column":4},"end":{"line":158,"column":5}},"loc":{"start":{"line":158,"column":48},"end":{"line":168,"column":5}},"line":158},"7":{"name":"(anonymous_7)","decl":{"start":{"line":170,"column":4},"end":{"line":170,"column":5}},"loc":{"start":{"line":170,"column":46},"end":{"line":176,"column":5}},"line":170},"8":{"name":"(anonymous_8)","decl":{"start":{"line":178,"column":4},"end":{"line":178,"column":5}},"loc":{"start":{"line":178,"column":55},"end":{"line":240,"column":5}},"line":178},"9":{"name":"(anonymous_9)","decl":{"start":{"line":207,"column":31},"end":{"line":207,"column":32}},"loc":{"start":{"line":207,"column":37},"end":{"line":214,"column":13}},"line":207}},"branchMap":{"0":{"loc":{"start":{"line":30,"column":12},"end":{"line":32,"column":13}},"type":"if","locations":[{"start":{"line":30,"column":12},"end":{"line":32,"column":13}},{"start":{},"end":{}}],"line":30},"1":{"loc":{"start":{"line":30,"column":16},"end":{"line":30,"column":35}},"type":"binary-expr","locations":[{"start":{"line":30,"column":16},"end":{"line":30,"column":22}},{"start":{"line":30,"column":26},"end":{"line":30,"column":35}}],"line":30},"2":{"loc":{"start":{"line":35,"column":12},"end":{"line":38,"column":13}},"type":"if","locations":[{"start":{"line":35,"column":12},"end":{"line":38,"column":13}},{"start":{},"end":{}}],"line":35},"3":{"loc":{"start":{"line":41,"column":12},"end":{"line":46,"column":13}},"type":"if","locations":[{"start":{"line":41,"column":12},"end":{"line":46,"column":13}},{"start":{},"end":{}}],"line":41}},"s":{"0":1,"1":1,"2":1,"3":1,"4":1,"5":0,"6":0,"7":0,"8":0,"9":0,"10":0,"11":0,"12":0,"13":0,"14":0,"15":0,"16":0,"17":0,"18":0,"19":0,"20":0,"21":0,"22":0,"23":0,"24":0,"25":0,"26":0,"27":0,"28":0,"29":0,"30":0,"31":0,"32":0,"33":0,"34":0,"35":0,"36":0,"37":0,"38":0,"39":0,"40":0,"41":0,"42":0,"43":0,"44":0,"45":0,"46":0,"47":0,"48":0,"49":0,"50":0,"51":0,"52":0,"53":0,"54":0,"55":0,"56":0,"57":0,"58":0,"59":0,"60":0,"61":0,"62":0,"63":0,"64":0,"65":0,"66":0,"67":0,"68":0,"69":0,"70":0,"71":0,"72":0,"73":0,"74":0,"75":0,"76":0,"77":0,"78":0,"79":0,"80":0,"81":0,"82":0,"83":0,"84":0,"85":0,"86":0,"87":0,"88":0,"89":0,"90":0,"91":0,"92":0,"93":0,"94":1},"f":{"0":0,"1":0,"2":0,"3":0,"4":0,"5":0,"6":0,"7":0,"8":0,"9":0},"b":{"0":[0,0],"1":[0,0],"2":[0,0],"3":[0,0]},"_coverageSchema":"1a1c01bbd47fc00a2c39e90264f33305004495a9","hash":"026dd13897477fb29eb26ec257af76f50bef3b86"}
,"/Users/deaa/Documents/phase 3/Halo-Beng/server/helper/PartnerBulkInsert": {"path":"/Users/deaa/Documents/phase 3/Halo-Beng/server/helper/PartnerBulkInsert","statementMap":{"0":{"start":{"line":1,"column":26},"end":{"line":1,"column":46}},"1":{"start":{"line":2,"column":25},"end":{"line":2,"column":44}},"2":{"start":{"line":6,"column":4},"end":{"line":10,"column":6}},"3":{"start":{"line":11,"column":4},"end":{"line":19,"column":6}},"4":{"start":{"line":22,"column":0},"end":{"line":22,"column":34}}},"fnMap":{"0":{"name":"bulkInsertPartner","decl":{"start":{"line":4,"column":15},"end":{"line":4,"column":32}},"loc":{"start":{"line":4,"column":35},"end":{"line":20,"column":1}},"line":4}},"branchMap":{},"s":{"0":1,"1":1,"2":1,"3":1,"4":1},"f":{"0":1},"b":{},"inputSourceMap":null,"_coverageSchema":"1a1c01bbd47fc00a2c39e90264f33305004495a9","hash":"c122deee33a7ecdd015d1a4b229a688f95c28d09"}
,"/Users/deaa/Documents/phase 3/Halo-Beng/server/helper/bcrypt.js": {"path":"/Users/deaa/Documents/phase 3/Halo-Beng/server/helper/bcrypt.js","statementMap":{"0":{"start":{"line":1,"column":17},"end":{"line":1,"column":36}},"1":{"start":{"line":3,"column":21},"end":{"line":5,"column":1}},"2":{"start":{"line":4,"column":4},"end":{"line":4,"column":38}},"3":{"start":{"line":7,"column":24},"end":{"line":9,"column":1}},"4":{"start":{"line":8,"column":4},"end":{"line":8,"column":57}},"5":{"start":{"line":11,"column":0},"end":{"line":14,"column":1}}},"fnMap":{"0":{"name":"(anonymous_0)","decl":{"start":{"line":3,"column":21},"end":{"line":3,"column":22}},"loc":{"start":{"line":3,"column":35},"end":{"line":5,"column":1}},"line":3},"1":{"name":"(anonymous_1)","decl":{"start":{"line":7,"column":24},"end":{"line":7,"column":25}},"loc":{"start":{"line":7,"column":54},"end":{"line":9,"column":1}},"line":7}},"branchMap":{},"s":{"0":1,"1":1,"2":14,"3":1,"4":2,"5":1},"f":{"0":14,"1":2},"b":{},"_coverageSchema":"1a1c01bbd47fc00a2c39e90264f33305004495a9","hash":"11671d6fca4e58bdd799627e602a430a88f0aab6"}
,"/Users/deaa/Documents/phase 3/Halo-Beng/server/helper/jwt.js": {"path":"/Users/deaa/Documents/phase 3/Halo-Beng/server/helper/jwt.js","statementMap":{"0":{"start":{"line":24,"column":10},"end":{"line":24,"column":33}},"1":{"start":{"line":25,"column":19},"end":{"line":25,"column":37}},"2":{"start":{"line":29,"column":18},"end":{"line":31,"column":1}},"3":{"start":{"line":30,"column":4},"end":{"line":30,"column":37}},"4":{"start":{"line":32,"column":20},"end":{"line":34,"column":1}},"5":{"start":{"line":33,"column":4},"end":{"line":33,"column":40}},"6":{"start":{"line":36,"column":0},"end":{"line":39,"column":1}}},"fnMap":{"0":{"name":"(anonymous_0)","decl":{"start":{"line":29,"column":18},"end":{"line":29,"column":19}},"loc":{"start":{"line":29,"column":26},"end":{"line":31,"column":1}},"line":29},"1":{"name":"(anonymous_1)","decl":{"start":{"line":32,"column":20},"end":{"line":32,"column":21}},"loc":{"start":{"line":32,"column":29},"end":{"line":34,"column":1}},"line":32}},"branchMap":{},"s":{"0":1,"1":1,"2":1,"3":1,"4":1,"5":0,"6":1},"f":{"0":1,"1":0},"b":{},"_coverageSchema":"1a1c01bbd47fc00a2c39e90264f33305004495a9","hash":"7ca5063569872f83c6e37b29c219e5226791721d"}
,"/Users/deaa/Documents/phase 3/Halo-Beng/server/middleware/authentication.js": {"path":"/Users/deaa/Documents/phase 3/Halo-Beng/server/middleware/authentication.js","statementMap":{"0":{"start":{"line":1,"column":24},"end":{"line":1,"column":48}},"1":{"start":{"line":2,"column":17},"end":{"line":2,"column":37}},"2":{"start":{"line":5,"column":23},"end":{"line":29,"column":1}},"3":{"start":{"line":6,"column":27},"end":{"line":6,"column":38}},"4":{"start":{"line":7,"column":4},"end":{"line":28,"column":5}},"5":{"start":{"line":8,"column":8},"end":{"line":11,"column":9}},"6":{"start":{"line":9,"column":12},"end":{"line":9,"column":62}},"7":{"start":{"line":10,"column":12},"end":{"line":10,"column":18}},"8":{"start":{"line":13,"column":23},"end":{"line":13,"column":48}},"9":{"start":{"line":15,"column":21},"end":{"line":15,"column":75}},"10":{"start":{"line":18,"column":8},"end":{"line":21,"column":9}},"11":{"start":{"line":19,"column":12},"end":{"line":19,"column":62}},"12":{"start":{"line":20,"column":12},"end":{"line":20,"column":18}},"13":{"start":{"line":23,"column":8},"end":{"line":23,"column":24}},"14":{"start":{"line":24,"column":8},"end":{"line":24,"column":14}},"15":{"start":{"line":27,"column":8},"end":{"line":27,"column":17}},"16":{"start":{"line":31,"column":0},"end":{"line":31,"column":31}}},"fnMap":{"0":{"name":"(anonymous_0)","decl":{"start":{"line":5,"column":23},"end":{"line":5,"column":24}},"loc":{"start":{"line":5,"column":49},"end":{"line":29,"column":1}},"line":5}},"branchMap":{"0":{"loc":{"start":{"line":8,"column":8},"end":{"line":11,"column":9}},"type":"if","locations":[{"start":{"line":8,"column":8},"end":{"line":11,"column":9}},{"start":{},"end":{}}],"line":8},"1":{"loc":{"start":{"line":18,"column":8},"end":{"line":21,"column":9}},"type":"if","locations":[{"start":{"line":18,"column":8},"end":{"line":21,"column":9}},{"start":{},"end":{}}],"line":18}},"s":{"0":1,"1":1,"2":1,"3":0,"4":0,"5":0,"6":0,"7":0,"8":0,"9":0,"10":0,"11":0,"12":0,"13":0,"14":0,"15":0,"16":1},"f":{"0":0},"b":{"0":[0,0],"1":[0,0]},"_coverageSchema":"1a1c01bbd47fc00a2c39e90264f33305004495a9","hash":"801b4a9a6dfef5e4a3efd1ba7dc25d5458966072"}
,"/Users/deaa/Documents/phase 3/Halo-Beng/server/middleware/errorHandler.js": {"path":"/Users/deaa/Documents/phase 3/Halo-Beng/server/middleware/errorHandler.js","statementMap":{"0":{"start":{"line":1,"column":20},"end":{"line":24,"column":1}},"1":{"start":{"line":2,"column":4},"end":{"line":23,"column":5}},"2":{"start":{"line":3,"column":8},"end":{"line":5,"column":10}},"3":{"start":{"line":6,"column":10},"end":{"line":23,"column":5}},"4":{"start":{"line":7,"column":8},"end":{"line":7,"column":67}},"5":{"start":{"line":8,"column":11},"end":{"line":23,"column":5}},"6":{"start":{"line":9,"column":8},"end":{"line":9,"column":56}},"7":{"start":{"line":10,"column":10},"end":{"line":23,"column":5}},"8":{"start":{"line":11,"column":8},"end":{"line":11,"column":73}},"9":{"start":{"line":12,"column":11},"end":{"line":23,"column":5}},"10":{"start":{"line":13,"column":8},"end":{"line":13,"column":54}},"11":{"start":{"line":14,"column":11},"end":{"line":23,"column":5}},"12":{"start":{"line":15,"column":8},"end":{"line":15,"column":51}},"13":{"start":{"line":16,"column":11},"end":{"line":23,"column":5}},"14":{"start":{"line":17,"column":8},"end":{"line":17,"column":75}},"15":{"start":{"line":18,"column":11},"end":{"line":23,"column":5}},"16":{"start":{"line":19,"column":8},"end":{"line":19,"column":53}},"17":{"start":{"line":21,"column":8},"end":{"line":21,"column":25}},"18":{"start":{"line":22,"column":8},"end":{"line":22,"column":66}},"19":{"start":{"line":26,"column":0},"end":{"line":26,"column":28}}},"fnMap":{"0":{"name":"(anonymous_0)","decl":{"start":{"line":1,"column":20},"end":{"line":1,"column":21}},"loc":{"start":{"line":1,"column":45},"end":{"line":24,"column":1}},"line":1}},"branchMap":{"0":{"loc":{"start":{"line":2,"column":4},"end":{"line":23,"column":5}},"type":"if","locations":[{"start":{"line":2,"column":4},"end":{"line":23,"column":5}},{"start":{"line":6,"column":10},"end":{"line":23,"column":5}}],"line":2},"1":{"loc":{"start":{"line":2,"column":8},"end":{"line":2,"column":96}},"type":"binary-expr","locations":[{"start":{"line":2,"column":8},"end":{"line":2,"column":47}},{"start":{"line":2,"column":51},"end":{"line":2,"column":96}}],"line":2},"2":{"loc":{"start":{"line":6,"column":10},"end":{"line":23,"column":5}},"type":"if","locations":[{"start":{"line":6,"column":10},"end":{"line":23,"column":5}},{"start":{"line":8,"column":11},"end":{"line":23,"column":5}}],"line":6},"3":{"loc":{"start":{"line":8,"column":11},"end":{"line":23,"column":5}},"type":"if","locations":[{"start":{"line":8,"column":11},"end":{"line":23,"column":5}},{"start":{"line":10,"column":10},"end":{"line":23,"column":5}}],"line":8},"4":{"loc":{"start":{"line":10,"column":10},"end":{"line":23,"column":5}},"type":"if","locations":[{"start":{"line":10,"column":10},"end":{"line":23,"column":5}},{"start":{"line":12,"column":11},"end":{"line":23,"column":5}}],"line":10},"5":{"loc":{"start":{"line":12,"column":11},"end":{"line":23,"column":5}},"type":"if","locations":[{"start":{"line":12,"column":11},"end":{"line":23,"column":5}},{"start":{"line":14,"column":11},"end":{"line":23,"column":5}}],"line":12},"6":{"loc":{"start":{"line":14,"column":11},"end":{"line":23,"column":5}},"type":"if","locations":[{"start":{"line":14,"column":11},"end":{"line":23,"column":5}},{"start":{"line":16,"column":11},"end":{"line":23,"column":5}}],"line":14},"7":{"loc":{"start":{"line":16,"column":11},"end":{"line":23,"column":5}},"type":"if","locations":[{"start":{"line":16,"column":11},"end":{"line":23,"column":5}},{"start":{"line":18,"column":11},"end":{"line":23,"column":5}}],"line":16},"8":{"loc":{"start":{"line":18,"column":11},"end":{"line":23,"column":5}},"type":"if","locations":[{"start":{"line":18,"column":11},"end":{"line":23,"column":5}},{"start":{"line":20,"column":10},"end":{"line":23,"column":5}}],"line":18}},"s":{"0":1,"1":9,"2":9,"3":0,"4":0,"5":0,"6":0,"7":0,"8":0,"9":0,"10":0,"11":0,"12":0,"13":0,"14":0,"15":0,"16":0,"17":0,"18":0,"19":1},"f":{"0":9},"b":{"0":[9,0],"1":[9,3],"2":[0,0],"3":[0,0],"4":[0,0],"5":[0,0],"6":[0,0],"7":[0,0],"8":[0,0]},"_coverageSchema":"1a1c01bbd47fc00a2c39e90264f33305004495a9","hash":"970a21a09451b3b29da487f2991e546f5b326a76"}
,"/Users/deaa/Documents/phase 3/Halo-Beng/server/models/index.js": {"path":"/Users/deaa/Documents/phase 3/Halo-Beng/server/models/index.js","statementMap":{"0":{"start":{"line":3,"column":11},"end":{"line":3,"column":24}},"1":{"start":{"line":4,"column":13},"end":{"line":4,"column":28}},"2":{"start":{"line":5,"column":18},"end":{"line":5,"column":38}},"3":{"start":{"line":6,"column":16},"end":{"line":6,"column":34}},"4":{"start":{"line":7,"column":17},"end":{"line":7,"column":42}},"5":{"start":{"line":8,"column":12},"end":{"line":8,"column":49}},"6":{"start":{"line":9,"column":15},"end":{"line":9,"column":65}},"7":{"start":{"line":10,"column":11},"end":{"line":10,"column":13}},"8":{"start":{"line":13,"column":0},"end":{"line":17,"column":1}},"9":{"start":{"line":14,"column":2},"end":{"line":14,"column":74}},"10":{"start":{"line":16,"column":2},"end":{"line":16,"column":87}},"11":{"start":{"line":19,"column":0},"end":{"line":32,"column":5}},"12":{"start":{"line":22,"column":4},"end":{"line":27,"column":6}},"13":{"start":{"line":30,"column":18},"end":{"line":30,"column":85}},"14":{"start":{"line":31,"column":4},"end":{"line":31,"column":27}},"15":{"start":{"line":34,"column":0},"end":{"line":38,"column":3}},"16":{"start":{"line":35,"column":2},"end":{"line":37,"column":3}},"17":{"start":{"line":36,"column":4},"end":{"line":36,"column":32}},"18":{"start":{"line":40,"column":0},"end":{"line":40,"column":25}},"19":{"start":{"line":41,"column":0},"end":{"line":41,"column":25}},"20":{"start":{"line":43,"column":0},"end":{"line":43,"column":20}}},"fnMap":{"0":{"name":"(anonymous_0)","decl":{"start":{"line":21,"column":10},"end":{"line":21,"column":11}},"loc":{"start":{"line":21,"column":18},"end":{"line":28,"column":3}},"line":21},"1":{"name":"(anonymous_1)","decl":{"start":{"line":29,"column":11},"end":{"line":29,"column":12}},"loc":{"start":{"line":29,"column":19},"end":{"line":32,"column":3}},"line":29},"2":{"name":"(anonymous_2)","decl":{"start":{"line":34,"column":24},"end":{"line":34,"column":25}},"loc":{"start":{"line":34,"column":37},"end":{"line":38,"column":1}},"line":34}},"branchMap":{"0":{"loc":{"start":{"line":8,"column":12},"end":{"line":8,"column":49}},"type":"binary-expr","locations":[{"start":{"line":8,"column":12},"end":{"line":8,"column":32}},{"start":{"line":8,"column":36},"end":{"line":8,"column":49}}],"line":8},"1":{"loc":{"start":{"line":13,"column":0},"end":{"line":17,"column":1}},"type":"if","locations":[{"start":{"line":13,"column":0},"end":{"line":17,"column":1}},{"start":{"line":15,"column":7},"end":{"line":17,"column":1}}],"line":13},"2":{"loc":{"start":{"line":23,"column":6},"end":{"line":26,"column":37}},"type":"binary-expr","locations":[{"start":{"line":23,"column":6},"end":{"line":23,"column":29}},{"start":{"line":24,"column":6},"end":{"line":24,"column":23}},{"start":{"line":25,"column":6},"end":{"line":25,"column":30}},{"start":{"line":26,"column":6},"end":{"line":26,"column":37}}],"line":23},"3":{"loc":{"start":{"line":35,"column":2},"end":{"line":37,"column":3}},"type":"if","locations":[{"start":{"line":35,"column":2},"end":{"line":37,"column":3}},{"start":{},"end":{}}],"line":35}},"s":{"0":1,"1":1,"2":1,"3":1,"4":1,"5":1,"6":1,"7":1,"8":1,"9":0,"10":1,"11":1,"12":7,"13":6,"14":6,"15":1,"16":6,"17":6,"18":1,"19":1,"20":1},"f":{"0":7,"1":6,"2":6},"b":{"0":[1,0],"1":[0,1],"2":[7,7,6,6],"3":[6,0]},"_coverageSchema":"1a1c01bbd47fc00a2c39e90264f33305004495a9","hash":"86ec9f7ce81188e8baaf9a31f1d3b1ea7638d50e"}
,"/Users/deaa/Documents/phase 3/Halo-Beng/server/models/order.js": {"path":"/Users/deaa/Documents/phase 3/Halo-Beng/server/models/order.js","statementMap":{"0":{"start":{"line":4,"column":4},"end":{"line":4,"column":24}},"1":{"start":{"line":5,"column":0},"end":{"line":77,"column":2}},"2":{"start":{"line":14,"column":6},"end":{"line":14,"column":66}},"3":{"start":{"line":15,"column":6},"end":{"line":15,"column":60}},"4":{"start":{"line":16,"column":6},"end":{"line":16,"column":66}},"5":{"start":{"line":19,"column":2},"end":{"line":75,"column":5}},"6":{"start":{"line":76,"column":2},"end":{"line":76,"column":15}}},"fnMap":{"0":{"name":"(anonymous_0)","decl":{"start":{"line":5,"column":17},"end":{"line":5,"column":18}},"loc":{"start":{"line":5,"column":43},"end":{"line":77,"column":1}},"line":5},"1":{"name":"(anonymous_1)","decl":{"start":{"line":12,"column":4},"end":{"line":12,"column":5}},"loc":{"start":{"line":12,"column":29},"end":{"line":17,"column":5}},"line":12}},"branchMap":{},"s":{"0":1,"1":1,"2":1,"3":1,"4":1,"5":1,"6":1},"f":{"0":1,"1":1},"b":{},"_coverageSchema":"1a1c01bbd47fc00a2c39e90264f33305004495a9","hash":"35ef4e0794d4408d338e55d8cd99641c85105d39"}
,"/Users/deaa/Documents/phase 3/Halo-Beng/server/models/orderdetail.js": {"path":"/Users/deaa/Documents/phase 3/Halo-Beng/server/models/orderdetail.js","statementMap":{"0":{"start":{"line":4,"column":4},"end":{"line":4,"column":24}},"1":{"start":{"line":5,"column":0},"end":{"line":27,"column":2}},"2":{"start":{"line":14,"column":6},"end":{"line":14,"column":68}},"3":{"start":{"line":15,"column":6},"end":{"line":15,"column":72}},"4":{"start":{"line":18,"column":2},"end":{"line":25,"column":5}},"5":{"start":{"line":26,"column":2},"end":{"line":26,"column":21}}},"fnMap":{"0":{"name":"(anonymous_0)","decl":{"start":{"line":5,"column":17},"end":{"line":5,"column":18}},"loc":{"start":{"line":5,"column":43},"end":{"line":27,"column":1}},"line":5},"1":{"name":"(anonymous_1)","decl":{"start":{"line":12,"column":4},"end":{"line":12,"column":5}},"loc":{"start":{"line":12,"column":29},"end":{"line":16,"column":5}},"line":12}},"branchMap":{},"s":{"0":1,"1":1,"2":1,"3":1,"4":1,"5":1},"f":{"0":1,"1":1},"b":{},"_coverageSchema":"1a1c01bbd47fc00a2c39e90264f33305004495a9","hash":"93c79b831a37cbb93f1f0e1094e4cc634e778134"}
,"/Users/deaa/Documents/phase 3/Halo-Beng/server/models/partner.js": {"path":"/Users/deaa/Documents/phase 3/Halo-Beng/server/models/partner.js","statementMap":{"0":{"start":{"line":4,"column":4},"end":{"line":4,"column":24}},"1":{"start":{"line":5,"column":0},"end":{"line":71,"column":2}},"2":{"start":{"line":6,"column":44},"end":{"line":6,"column":71}},"3":{"start":{"line":15,"column":6},"end":{"line":15,"column":64}},"4":{"start":{"line":16,"column":6},"end":{"line":16,"column":65}},"5":{"start":{"line":19,"column":2},"end":{"line":65,"column":5}},"6":{"start":{"line":66,"column":2},"end":{"line":69,"column":5}},"7":{"start":{"line":67,"column":27},"end":{"line":67,"column":60}},"8":{"start":{"line":68,"column":4},"end":{"line":68,"column":35}},"9":{"start":{"line":70,"column":2},"end":{"line":70,"column":17}}},"fnMap":{"0":{"name":"(anonymous_0)","decl":{"start":{"line":5,"column":17},"end":{"line":5,"column":18}},"loc":{"start":{"line":5,"column":43},"end":{"line":71,"column":1}},"line":5},"1":{"name":"(anonymous_1)","decl":{"start":{"line":13,"column":4},"end":{"line":13,"column":5}},"loc":{"start":{"line":13,"column":29},"end":{"line":17,"column":5}},"line":13},"2":{"name":"(anonymous_2)","decl":{"start":{"line":66,"column":23},"end":{"line":66,"column":24}},"loc":{"start":{"line":66,"column":48},"end":{"line":69,"column":3}},"line":66}},"branchMap":{},"s":{"0":1,"1":1,"2":1,"3":1,"4":1,"5":1,"6":1,"7":4,"8":4,"9":1},"f":{"0":1,"1":1,"2":4},"b":{},"_coverageSchema":"1a1c01bbd47fc00a2c39e90264f33305004495a9","hash":"7ea4d6ffb58c2dc037b6e3476dec2cb54c668a4f"}
,"/Users/deaa/Documents/phase 3/Halo-Beng/server/models/product.js": {"path":"/Users/deaa/Documents/phase 3/Halo-Beng/server/models/product.js","statementMap":{"0":{"start":{"line":4,"column":4},"end":{"line":4,"column":24}},"1":{"start":{"line":5,"column":0},"end":{"line":55,"column":2}},"2":{"start":{"line":14,"column":6},"end":{"line":14,"column":70}},"3":{"start":{"line":17,"column":2},"end":{"line":53,"column":5}},"4":{"start":{"line":54,"column":2},"end":{"line":54,"column":17}}},"fnMap":{"0":{"name":"(anonymous_0)","decl":{"start":{"line":5,"column":17},"end":{"line":5,"column":18}},"loc":{"start":{"line":5,"column":43},"end":{"line":55,"column":1}},"line":5},"1":{"name":"(anonymous_1)","decl":{"start":{"line":12,"column":4},"end":{"line":12,"column":5}},"loc":{"start":{"line":12,"column":29},"end":{"line":15,"column":5}},"line":12}},"branchMap":{},"s":{"0":1,"1":1,"2":1,"3":1,"4":1},"f":{"0":1,"1":1},"b":{},"_coverageSchema":"1a1c01bbd47fc00a2c39e90264f33305004495a9","hash":"0f178776261e0c3d39585e9f1d0dcb0d79fddbf1"}
,"/Users/deaa/Documents/phase 3/Halo-Beng/server/models/review.js": {"path":"/Users/deaa/Documents/phase 3/Halo-Beng/server/models/review.js","statementMap":{"0":{"start":{"line":4,"column":4},"end":{"line":4,"column":24}},"1":{"start":{"line":5,"column":0},"end":{"line":28,"column":2}},"2":{"start":{"line":14,"column":6},"end":{"line":14,"column":67}},"3":{"start":{"line":15,"column":6},"end":{"line":15,"column":61}},"4":{"start":{"line":18,"column":2},"end":{"line":26,"column":5}},"5":{"start":{"line":27,"column":2},"end":{"line":27,"column":16}}},"fnMap":{"0":{"name":"(anonymous_0)","decl":{"start":{"line":5,"column":17},"end":{"line":5,"column":18}},"loc":{"start":{"line":5,"column":43},"end":{"line":28,"column":1}},"line":5},"1":{"name":"(anonymous_1)","decl":{"start":{"line":12,"column":4},"end":{"line":12,"column":5}},"loc":{"start":{"line":12,"column":29},"end":{"line":16,"column":5}},"line":12}},"branchMap":{},"s":{"0":1,"1":1,"2":1,"3":1,"4":1,"5":1},"f":{"0":1,"1":1},"b":{},"_coverageSchema":"1a1c01bbd47fc00a2c39e90264f33305004495a9","hash":"44fa51e8d521901b2a449984eb1feb40afbc1444"}
,"/Users/deaa/Documents/phase 3/Halo-Beng/server/models/user.js": {"path":"/Users/deaa/Documents/phase 3/Halo-Beng/server/models/user.js","statementMap":{"0":{"start":{"line":4,"column":4},"end":{"line":4,"column":24}},"1":{"start":{"line":5,"column":0},"end":{"line":62,"column":2}},"2":{"start":{"line":6,"column":44},"end":{"line":6,"column":71}},"3":{"start":{"line":15,"column":6},"end":{"line":15,"column":58}},"4":{"start":{"line":16,"column":6},"end":{"line":16,"column":59}},"5":{"start":{"line":19,"column":2},"end":{"line":56,"column":5}},"6":{"start":{"line":57,"column":2},"end":{"line":60,"column":5}},"7":{"start":{"line":58,"column":27},"end":{"line":58,"column":60}},"8":{"start":{"line":59,"column":4},"end":{"line":59,"column":35}},"9":{"start":{"line":61,"column":2},"end":{"line":61,"column":14}}},"fnMap":{"0":{"name":"(anonymous_0)","decl":{"start":{"line":5,"column":17},"end":{"line":5,"column":18}},"loc":{"start":{"line":5,"column":43},"end":{"line":62,"column":1}},"line":5},"1":{"name":"(anonymous_1)","decl":{"start":{"line":13,"column":4},"end":{"line":13,"column":5}},"loc":{"start":{"line":13,"column":29},"end":{"line":17,"column":5}},"line":13},"2":{"name":"(anonymous_2)","decl":{"start":{"line":57,"column":20},"end":{"line":57,"column":21}},"loc":{"start":{"line":57,"column":45},"end":{"line":60,"column":3}},"line":57}},"branchMap":{},"s":{"0":1,"1":1,"2":1,"3":1,"4":1,"5":1,"6":1,"7":0,"8":0,"9":1},"f":{"0":1,"1":1,"2":0},"b":{},"_coverageSchema":"1a1c01bbd47fc00a2c39e90264f33305004495a9","hash":"a5549659daa05b04ffcc3d1f105a907bdaf0ca62"}
,"/Users/deaa/Documents/phase 3/Halo-Beng/server/routes/index.js": {"path":"/Users/deaa/Documents/phase 3/Halo-Beng/server/routes/index.js","statementMap":{"0":{"start":{"line":1,"column":16},"end":{"line":1,"column":34}},"1":{"start":{"line":2,"column":15},"end":{"line":2,"column":31}},"2":{"start":{"line":6,"column":19},"end":{"line":6,"column":41}},"3":{"start":{"line":7,"column":19},"end":{"line":7,"column":41}},"4":{"start":{"line":16,"column":0},"end":{"line":16,"column":31}},"5":{"start":{"line":17,"column":0},"end":{"line":17,"column":34}},"6":{"start":{"line":19,"column":0},"end":{"line":19,"column":23}}},"fnMap":{},"branchMap":{},"s":{"0":1,"1":1,"2":1,"3":1,"4":1,"5":1,"6":1},"f":{},"b":{},"_coverageSchema":"1a1c01bbd47fc00a2c39e90264f33305004495a9","hash":"17281d3c8fa1e65b190ee4fcad49426622c7fa23"}
,"/Users/deaa/Documents/phase 3/Halo-Beng/server/routes/partRoute.js": {"path":"/Users/deaa/Documents/phase 3/Halo-Beng/server/routes/partRoute.js","statementMap":{"0":{"start":{"line":1,"column":16},"end":{"line":1,"column":34}},"1":{"start":{"line":2,"column":24},"end":{"line":2,"column":64}},"2":{"start":{"line":3,"column":15},"end":{"line":3,"column":31}},"3":{"start":{"line":4,"column":23},"end":{"line":4,"column":62}},"4":{"start":{"line":6,"column":0},"end":{"line":6,"column":50}},"5":{"start":{"line":7,"column":0},"end":{"line":7,"column":44}},"6":{"start":{"line":10,"column":0},"end":{"line":10,"column":26}},"7":{"start":{"line":11,"column":0},"end":{"line":11,"column":70}},"8":{"start":{"line":12,"column":0},"end":{"line":12,"column":56}},"9":{"start":{"line":16,"column":0},"end":{"line":16,"column":23}}},"fnMap":{},"branchMap":{},"s":{"0":1,"1":1,"2":1,"3":1,"4":1,"5":1,"6":1,"7":1,"8":1,"9":1},"f":{},"b":{},"_coverageSchema":"1a1c01bbd47fc00a2c39e90264f33305004495a9","hash":"eab32b7d8bd2238f67d2407264709e75342ecc86"}
,"/Users/deaa/Documents/phase 3/Halo-Beng/server/routes/userRoute.js": {"path":"/Users/deaa/Documents/phase 3/Halo-Beng/server/routes/userRoute.js","statementMap":{"0":{"start":{"line":1,"column":16},"end":{"line":1,"column":34}},"1":{"start":{"line":2,"column":23},"end":{"line":2,"column":63}},"2":{"start":{"line":3,"column":23},"end":{"line":3,"column":62}},"3":{"start":{"line":4,"column":15},"end":{"line":4,"column":31}},"4":{"start":{"line":6,"column":0},"end":{"line":6,"column":49}},"5":{"start":{"line":7,"column":0},"end":{"line":7,"column":43}},"6":{"start":{"line":8,"column":0},"end":{"line":8,"column":57}},"7":{"start":{"line":11,"column":0},"end":{"line":11,"column":26}},"8":{"start":{"line":12,"column":0},"end":{"line":12,"column":49}},"9":{"start":{"line":13,"column":0},"end":{"line":13,"column":56}},"10":{"start":{"line":17,"column":0},"end":{"line":17,"column":49}},"11":{"start":{"line":18,"column":0},"end":{"line":18,"column":51}},"12":{"start":{"line":23,"column":0},"end":{"line":23,"column":73}},"13":{"start":{"line":29,"column":0},"end":{"line":29,"column":23}}},"fnMap":{},"branchMap":{},"s":{"0":1,"1":1,"2":1,"3":1,"4":1,"5":1,"6":1,"7":1,"8":1,"9":1,"10":1,"11":1,"12":1,"13":1},"f":{},"b":{},"_coverageSchema":"1a1c01bbd47fc00a2c39e90264f33305004495a9","hash":"916ddf1ee844cd457dce59c826e0889611f8f333"}
}
