TN:
SF:app.js
FNF:0
FNH:0
DA:1,1
DA:2,1
DA:3,1
DA:4,1
DA:5,1
DA:6,1
DA:7,1
DA:8,1
DA:11,1
DA:12,1
DA:13,1
DA:16,1
DA:17,1
DA:23,1
LF:14
LH:14
BRF:0
BRH:0
end_of_record
TN:
SF:controllers/partController.js
FN:12,(anonymous_0)
FN:31,(anonymous_1)
FN:95,(anonymous_2)
FN:113,(anonymous_3)
FN:135,(anonymous_4)
FN:172,convertHtmlToImage
FN:182,convertImageToPdf
FN:206,sendEmailWithAttachment
FNF:8
FNH:8
FNDA:11,(anonymous_0)
FNDA:4,(anonymous_1)
FNDA:2,(anonymous_2)
FNDA:2,(anonymous_3)
FNDA:2,(anonymous_4)
FNDA:1,convertHtmlToImage
FNDA:1,convertImageToPdf
FNDA:1,sendEmailWithAttachment
DA:1,1
DA:2,1
DA:4,1
DA:5,1
DA:6,1
DA:7,1
DA:8,1
DA:9,1
DA:13,11
DA:14,11
DA:15,11
DA:23,1
DA:26,10
DA:32,4
DA:33,4
DA:34,4
DA:35,4
DA:36,1
DA:38,3
DA:39,3
DA:40,3
DA:41,1
DA:43,2
DA:44,2
DA:45,2
DA:46,1
DA:48,1
DA:53,1
DA:58,3
DA:96,2
DA:98,2
DA:99,2
DA:100,2
DA:101,1
DA:103,1
DA:105,1
DA:107,1
DA:114,2
DA:115,2
DA:116,2
DA:127,1
DA:130,1
DA:136,2
DA:138,2
DA:139,2
DA:140,2
DA:148,2
DA:149,2
DA:150,1
DA:151,1
DA:152,1
DA:156,2
DA:157,2
DA:163,2
DA:166,2
DA:168,1
DA:173,1
DA:174,1
DA:175,1
DA:176,1
DA:177,1
DA:178,1
DA:179,1
DA:183,1
DA:184,1
DA:186,1
DA:190,1
DA:199,1
DA:200,1
DA:203,1
DA:204,1
DA:207,1
DA:215,1
DA:230,1
DA:233,1
DA:235,1
DA:238,1
DA:245,1
LF:78
LH:78
BRDA:35,0,0,1
BRDA:35,0,1,3
BRDA:35,1,0,4
BRDA:35,1,1,3
BRDA:40,2,0,1
BRDA:40,2,1,2
BRDA:45,3,0,1
BRDA:45,3,1,1
BRDA:100,4,0,1
BRDA:100,4,1,1
BRF:10
BRH:10
end_of_record
TN:
SF:controllers/userController.js
FN:10,(anonymous_0)
FN:27,(anonymous_1)
FN:59,(anonymous_2)
FN:92,(anonymous_3)
FN:111,(anonymous_4)
FN:124,(anonymous_5)
FN:150,(anonymous_6)
FN:163,(anonymous_7)
FN:177,(anonymous_8)
FN:190,(anonymous_9)
FN:202,(anonymous_10)
FN:221,(anonymous_11)
FN:232,(anonymous_12)
FN:261,(anonymous_13)
FN:297,(anonymous_14)
FN:315,(anonymous_15)
FN:348,(anonymous_16)
FN:362,(anonymous_17)
FN:369,(anonymous_18)
FNF:19
FNH:0
FNDA:0,(anonymous_0)
FNDA:0,(anonymous_1)
FNDA:0,(anonymous_2)
FNDA:0,(anonymous_3)
FNDA:0,(anonymous_4)
FNDA:0,(anonymous_5)
FNDA:0,(anonymous_6)
FNDA:0,(anonymous_7)
FNDA:0,(anonymous_8)
FNDA:0,(anonymous_9)
FNDA:0,(anonymous_10)
FNDA:0,(anonymous_11)
FNDA:0,(anonymous_12)
FNDA:0,(anonymous_13)
FNDA:0,(anonymous_14)
FNDA:0,(anonymous_15)
FNDA:0,(anonymous_16)
FNDA:0,(anonymous_17)
FNDA:0,(anonymous_18)
DA:1,1
DA:2,1
DA:3,1
DA:4,1
DA:5,1
DA:6,1
DA:7,1
DA:11,0
DA:12,0
DA:13,0
DA:19,0
DA:22,0
DA:23,0
DA:28,0
DA:29,0
DA:30,0
DA:31,0
DA:32,0
DA:34,0
DA:35,0
DA:36,0
DA:37,0
DA:39,0
DA:40,0
DA:41,0
DA:42,0
DA:44,0
DA:49,0
DA:54,0
DA:55,0
DA:60,0
DA:61,0
DA:62,0
DA:63,0
DA:64,0
DA:68,0
DA:69,0
DA:70,0
DA:80,0
DA:84,0
DA:87,0
DA:88,0
DA:93,0
DA:95,0
DA:96,0
DA:97,0
DA:101,0
DA:104,0
DA:107,0
DA:112,0
DA:113,0
DA:114,0
DA:118,0
DA:120,0
DA:125,0
DA:126,0
DA:127,0
DA:128,0
DA:132,0
DA:133,0
DA:143,0
DA:145,0
DA:146,0
DA:151,0
DA:152,0
DA:153,0
DA:154,0
DA:157,0
DA:159,0
DA:164,0
DA:165,0
DA:166,0
DA:167,0
DA:170,0
DA:171,0
DA:173,0
DA:178,0
DA:179,0
DA:180,0
DA:181,0
DA:182,0
DA:184,0
DA:186,0
DA:187,0
DA:191,0
DA:192,0
DA:193,0
DA:194,0
DA:195,0
DA:197,0
DA:198,0
DA:203,0
DA:204,0
DA:206,0
DA:210,0
DA:211,0
DA:213,0
DA:215,0
DA:222,0
DA:223,0
DA:224,0
DA:225,0
DA:227,0
DA:233,0
DA:234,0
DA:235,0
DA:237,0
DA:242,0
DA:253,0
DA:254,0
DA:255,0
DA:256,0
DA:260,0
DA:261,0
DA:262,0
DA:263,0
DA:264,0
DA:265,0
DA:266,0
DA:267,0
DA:270,0
DA:288,0
DA:290,0
DA:293,0
DA:298,0
DA:300,0
DA:301,0
DA:302,0
DA:305,0
DA:306,0
DA:307,0
DA:311,0
DA:316,0
DA:318,0
DA:319,0
DA:320,0
DA:322,0
DA:348,0
DA:349,0
DA:361,0
DA:362,0
DA:364,0
DA:365,0
DA:370,0
DA:371,0
DA:373,0
DA:379,0
DA:381,0
DA:386,1
LF:149
LH:8
BRDA:31,0,0,0
BRDA:31,0,1,0
BRDA:31,1,0,0
BRDA:31,1,1,0
BRDA:36,2,0,0
BRDA:36,2,1,0
BRDA:41,3,0,0
BRDA:41,3,1,0
BRDA:305,4,0,0
BRDA:305,4,1,0
BRDA:305,5,0,0
BRDA:305,5,1,0
BRDA:318,6,0,0
BRDA:318,6,1,0
BRDA:319,7,0,0
BRDA:319,7,1,0
BRDA:320,8,0,0
BRDA:320,8,1,0
BRF:18
BRH:0
end_of_record
TN:
SF:helper/PartnerBulkInsert
FN:4,bulkInsertPartner
FNF:1
FNH:1
FNDA:1,bulkInsertPartner
DA:1,1
DA:2,1
DA:6,1
DA:11,1
DA:15,1
DA:16,1
DA:27,1
DA:41,1
DA:44,1
LF:9
LH:9
BRF:0
BRH:0
end_of_record
TN:
SF:helper/UserBulkInsert.js
FN:4,bulkInsertCust
FNF:1
FNH:1
FNDA:1,bulkInsertCust
DA:1,1
DA:2,1
DA:6,1
DA:12,1
DA:22,1
LF:5
LH:5
BRF:0
BRH:0
end_of_record
TN:
SF:helper/bcrypt.js
FN:3,(anonymous_0)
FN:7,(anonymous_1)
FNF:2
FNH:2
FNDA:16,(anonymous_0)
FNDA:2,(anonymous_1)
DA:1,1
DA:3,1
DA:4,16
DA:7,1
DA:8,2
DA:11,1
LF:6
LH:6
BRF:0
BRH:0
end_of_record
TN:
SF:helper/jwt.js
FN:29,(anonymous_0)
FN:32,(anonymous_1)
FNF:2
FNH:2
FNDA:2,(anonymous_0)
FNDA:6,(anonymous_1)
DA:24,1
DA:25,1
DA:29,1
DA:30,2
DA:32,1
DA:33,6
DA:36,1
LF:7
LH:7
BRF:0
BRH:0
end_of_record
TN:
SF:middleware/authentication.js
FN:5,(anonymous_0)
FNF:1
FNH:0
FNDA:0,(anonymous_0)
DA:1,1
DA:2,1
DA:5,1
DA:6,0
DA:7,0
DA:8,0
DA:9,0
DA:12,0
DA:14,0
DA:17,0
DA:18,0
DA:21,0
DA:22,0
DA:25,0
DA:29,1
LF:15
LH:4
BRDA:8,0,0,0
BRDA:8,0,1,0
BRDA:17,1,0,0
BRDA:17,1,1,0
BRF:4
BRH:0
end_of_record
TN:
SF:middleware/authenticationPartner.js
FN:5,(anonymous_0)
FNF:1
FNH:1
FNDA:10,(anonymous_0)
DA:1,1
DA:2,1
DA:5,1
DA:6,10
DA:7,10
DA:8,10
DA:9,4
DA:12,6
DA:14,6
DA:17,6
DA:18,0
DA:21,6
DA:22,6
DA:25,4
DA:29,1
LF:15
LH:14
BRDA:8,0,0,4
BRDA:8,0,1,6
BRDA:17,1,0,0
BRDA:17,1,1,6
BRF:4
BRH:3
end_of_record
TN:
SF:middleware/errorHandler.js
FN:1,(anonymous_0)
FNF:1
FNH:1
FNDA:20,(anonymous_0)
DA:1,1
DA:2,20
DA:3,10
DA:6,10
DA:7,1
DA:8,9
DA:9,1
DA:10,8
DA:11,4
DA:12,4
DA:13,1
DA:14,3
DA:15,1
DA:17,2
DA:21,1
LF:15
LH:15
BRDA:2,0,0,10
BRDA:2,0,1,10
BRDA:2,1,0,20
BRDA:2,1,1,13
BRDA:6,2,0,1
BRDA:6,2,1,9
BRDA:8,3,0,1
BRDA:8,3,1,8
BRDA:10,4,0,4
BRDA:10,4,1,4
BRDA:12,5,0,1
BRDA:12,5,1,3
BRDA:14,6,0,1
BRDA:14,6,1,2
BRF:14
BRH:14
end_of_record
TN:
SF:models/index.js
FN:21,(anonymous_0)
FN:29,(anonymous_1)
FN:34,(anonymous_2)
FNF:3
FNH:3
FNDA:7,(anonymous_0)
FNDA:6,(anonymous_1)
FNDA:6,(anonymous_2)
DA:3,1
DA:4,1
DA:5,1
DA:6,1
DA:7,1
DA:8,1
DA:9,1
DA:10,1
DA:13,1
DA:14,0
DA:16,1
DA:19,1
DA:22,7
DA:30,6
DA:31,6
DA:34,1
DA:35,6
DA:36,6
DA:40,1
DA:41,1
DA:43,1
LF:21
LH:20
BRDA:8,0,0,1
BRDA:8,0,1,0
BRDA:13,1,0,0
BRDA:13,1,1,1
BRDA:23,2,0,7
BRDA:23,2,1,7
BRDA:23,2,2,6
BRDA:23,2,3,6
BRDA:35,3,0,6
BRDA:35,3,1,0
BRF:10
BRH:7
end_of_record
TN:
SF:models/order.js
FN:5,(anonymous_0)
FN:12,(anonymous_1)
FNF:2
FNH:2
FNDA:1,(anonymous_0)
FNDA:1,(anonymous_1)
DA:4,1
DA:5,1
DA:14,1
DA:15,1
DA:16,1
DA:17,1
DA:20,1
DA:77,1
LF:8
LH:8
BRF:0
BRH:0
end_of_record
TN:
SF:models/orderdetail.js
FN:5,(anonymous_0)
FN:12,(anonymous_1)
FNF:2
FNH:2
FNDA:1,(anonymous_0)
FNDA:1,(anonymous_1)
DA:4,1
DA:5,1
DA:14,1
DA:15,1
DA:18,1
DA:26,1
LF:6
LH:6
BRF:0
BRH:0
end_of_record
TN:
SF:models/partner.js
FN:5,(anonymous_0)
FN:13,(anonymous_1)
FN:74,(anonymous_2)
FNF:3
FNH:3
FNDA:1,(anonymous_0)
FNDA:1,(anonymous_1)
FNDA:5,(anonymous_2)
DA:4,1
DA:5,1
DA:6,1
DA:15,1
DA:16,1
DA:19,1
DA:74,1
DA:75,5
DA:76,5
DA:78,1
LF:10
LH:10
BRF:0
BRH:0
end_of_record
TN:
SF:models/product.js
FN:5,(anonymous_0)
FN:12,(anonymous_1)
FNF:2
FNH:2
FNDA:1,(anonymous_0)
FNDA:1,(anonymous_1)
DA:4,1
DA:5,1
DA:14,1
DA:15,1
DA:18,1
DA:55,1
LF:6
LH:6
BRF:0
BRH:0
end_of_record
TN:
SF:models/review.js
FN:5,(anonymous_0)
FN:12,(anonymous_1)
FNF:2
FNH:2
FNDA:1,(anonymous_0)
FNDA:1,(anonymous_1)
DA:4,1
DA:5,1
DA:14,1
DA:15,1
DA:18,1
DA:27,1
LF:6
LH:6
BRF:0
BRH:0
end_of_record
TN:
SF:models/user.js
FN:5,(anonymous_0)
FN:13,(anonymous_1)
FN:57,(anonymous_2)
FNF:3
FNH:3
FNDA:1,(anonymous_0)
FNDA:1,(anonymous_1)
FNDA:1,(anonymous_2)
DA:4,1
DA:5,1
DA:6,1
DA:15,1
DA:16,1
DA:19,1
DA:57,1
DA:58,1
DA:59,1
DA:61,1
LF:10
LH:10
BRF:0
BRH:0
end_of_record
TN:
SF:routes/index.js
FNF:0
FNH:0
DA:1,1
DA:2,1
DA:6,1
DA:7,1
DA:16,1
DA:17,1
DA:19,1
LF:7
LH:7
BRF:0
BRH:0
end_of_record
TN:
SF:routes/partRoute.js
FNF:0
FNH:0
DA:1,1
DA:2,1
DA:3,1
DA:4,1
DA:6,1
DA:7,1
DA:10,1
DA:12,1
DA:13,1
DA:15,1
DA:20,1
LF:11
LH:11
BRF:0
BRH:0
end_of_record
TN:
SF:routes/userRoute.js
FNF:0
FNH:0
DA:1,1
DA:2,1
DA:3,1
DA:4,1
DA:6,1
DA:7,1
DA:8,1
DA:10,1
DA:11,1
DA:13,1
DA:14,1
DA:15,1
DA:16,1
DA:17,1
DA:18,1
DA:19,1
DA:20,1
DA:21,1
DA:22,1
DA:24,1
DA:26,1
DA:28,1
DA:29,1
DA:31,1
DA:33,1
LF:25
LH:25
BRF:0
BRH:0
end_of_record
